Using pre-set license
Built from '2022.3/staging' branch; Version is '2022.3.9f1 (ea401c316338) revision 15351836'; Using compiler version '192829333'; Build Type 'Release'
OS: 'Windows 10  (10.0.19045) 64bit Core' Language: 'ko' Physical Memory: 32674 MB
BatchMode: 1, IsHumanControllingUs: 0, StartBugReporterOnCrash: 0, Is64bit: 1, IsPro: 1

COMMAND LINE ARGUMENTS:
C:\Program Files\Unity 2022.3.9f1\Editor\Unity.exe
-adb2
-batchMode
-noUpm
-name
AssetImportWorker0
-projectPath
C:/TeamProject/TGA
-logFile
Logs/AssetImportWorker0.log
-srvPort
59248
Successfully changed project path to: C:/TeamProject/TGA
C:/TeamProject/TGA
[UnityMemory] Configuration Parameters - Can be set up in boot.config
    "memorysetup-bucket-allocator-granularity=16"
    "memorysetup-bucket-allocator-bucket-count=8"
    "memorysetup-bucket-allocator-block-size=33554432"
    "memorysetup-bucket-allocator-block-count=8"
    "memorysetup-main-allocator-block-size=16777216"
    "memorysetup-thread-allocator-block-size=16777216"
    "memorysetup-gfx-main-allocator-block-size=16777216"
    "memorysetup-gfx-thread-allocator-block-size=16777216"
    "memorysetup-cache-allocator-block-size=4194304"
    "memorysetup-typetree-allocator-block-size=2097152"
    "memorysetup-profiler-bucket-allocator-granularity=16"
    "memorysetup-profiler-bucket-allocator-bucket-count=8"
    "memorysetup-profiler-bucket-allocator-block-size=33554432"
    "memorysetup-profiler-bucket-allocator-block-count=8"
    "memorysetup-profiler-allocator-block-size=16777216"
    "memorysetup-profiler-editor-allocator-block-size=1048576"
    "memorysetup-temp-allocator-size-main=16777216"
    "memorysetup-job-temp-allocator-block-size=2097152"
    "memorysetup-job-temp-allocator-block-size-background=1048576"
    "memorysetup-job-temp-allocator-reduction-small-platforms=262144"
    "memorysetup-allocator-temp-initial-block-size-main=262144"
    "memorysetup-allocator-temp-initial-block-size-worker=262144"
    "memorysetup-temp-allocator-size-background-worker=32768"
    "memorysetup-temp-allocator-size-job-worker=262144"
    "memorysetup-temp-allocator-size-preload-manager=33554432"
    "memorysetup-temp-allocator-size-nav-mesh-worker=65536"
    "memorysetup-temp-allocator-size-audio-worker=65536"
    "memorysetup-temp-allocator-size-cloud-worker=32768"
    "memorysetup-temp-allocator-size-gi-baking-worker=262144"
    "memorysetup-temp-allocator-size-gfx=262144"
Player connection [16448] Host "[IP] 192.168.100.210 [Port] 0 [Flags] 2 [Guid] 2299519377 [EditorId] 2299519377 [Version] 1048832 [Id] WindowsEditor(7,DESKTOP-6U9E4GJ) [Debug] 1 [PackageName] WindowsEditor [ProjectName] Editor" joined multi-casting on [225.0.0.222:54997]...

Player connection [16448] Host "[IP] 192.168.100.210 [Port] 0 [Flags] 2 [Guid] 2299519377 [EditorId] 2299519377 [Version] 1048832 [Id] WindowsEditor(7,DESKTOP-6U9E4GJ) [Debug] 1 [PackageName] WindowsEditor [ProjectName] Editor" joined alternative multi-casting on [225.0.0.222:34997]...

[Physics::Module] Initialized MultithreadedJobDispatcher with 11 workers.
Refreshing native plugins compatible for Editor in 11.73 ms, found 3 plugins.
Preloading 0 native plugins for Editor in 0.00 ms.
Initialize engine version: 2022.3.9f1 (ea401c316338)
[Subsystems] Discovering subsystems at path C:/Program Files/Unity 2022.3.9f1/Editor/Data/Resources/UnitySubsystems
[Subsystems] Discovering subsystems at path C:/TeamProject/TGA/Assets
GfxDevice: creating device client; threaded=0; jobified=0
Direct3D:
    Version:  Direct3D 11.0 [level 11.1]
    Renderer: NVIDIA GeForce GTX 1660 SUPER (ID=0x21c4)
    Vendor:   NVIDIA
    VRAM:     5980 MB
    Driver:   31.0.15.3623
Initialize mono
Mono path[0] = 'C:/Program Files/Unity 2022.3.9f1/Editor/Data/Managed'
Mono path[1] = 'C:/Program Files/Unity 2022.3.9f1/Editor/Data/MonoBleedingEdge/lib/mono/unityjit-win32'
Mono config path = 'C:/Program Files/Unity 2022.3.9f1/Editor/Data/MonoBleedingEdge/etc'
Using monoOptions --debugger-agent=transport=dt_socket,embedding=1,server=y,suspend=n,address=127.0.0.1:56228
Begin MonoManager ReloadAssembly
Registering precompiled unity dll's ...
Register platform support module: C:/Program Files/Unity 2022.3.9f1/Editor/Data/PlaybackEngines/WindowsStandaloneSupport/UnityEditor.WindowsStandalone.Extensions.dll
Registered in 0.007354 seconds.
- Loaded All Assemblies, in  0.356 seconds
Native extension for WindowsStandalone target not found
Mono: successfully reloaded assembly
- Finished resetting the current domain, in  0.256 seconds
Domain Reload Profiling: 611ms
	BeginReloadAssembly (115ms)
		ExecutionOrderSort (0ms)
		DisableScriptedObjects (0ms)
		BackupInstance (0ms)
		ReleaseScriptingObjects (0ms)
		CreateAndSetChildDomain (1ms)
	RebuildCommonClasses (35ms)
	RebuildNativeTypeToScriptingClass (11ms)
	initialDomainReloadingComplete (58ms)
	LoadAllAssembliesAndSetupDomain (136ms)
		LoadAssemblies (113ms)
		RebuildTransferFunctionScriptingTraits (0ms)
		AnalyzeDomain (134ms)
			TypeCache.Refresh (132ms)
				TypeCache.ScanAssembly (120ms)
			ScanForSourceGeneratedMonoScriptInfo (0ms)
			ResolveRequiredComponents (1ms)
	FinalizeReload (257ms)
		ReleaseScriptCaches (0ms)
		RebuildScriptCaches (0ms)
		SetupLoadedEditorAssemblies (200ms)
			LogAssemblyErrors (0ms)
			InitializePlatformSupportModulesInManaged (9ms)
			SetLoadedEditorAssemblies (7ms)
			RefreshPlugins (0ms)
			BeforeProcessingInitializeOnLoad (2ms)
			ProcessInitializeOnLoadAttributes (130ms)
			ProcessInitializeOnLoadMethodAttributes (52ms)
			AfterProcessingInitializeOnLoad (0ms)
			EditorAssembliesLoaded (0ms)
		ExecutionOrderSort2 (0ms)
		AwakeInstancesAfterBackupRestoration (0ms)
========================================================================
Worker process is ready to serve import requests
Begin MonoManager ReloadAssembly
- Loaded All Assemblies, in  0.663 seconds
Refreshing native plugins compatible for Editor in 4.13 ms, found 3 plugins.
Native extension for WindowsStandalone target not found
Package Manager log level set to [2]
[Package Manager] Server::EnsureServerProcessIsRunning -- launch failed, reason: Unity was launched with the -noUpm command-line argument
[Package Manager] UpmClient::Send -- Unable to send message (not connected to UPM process).
[Package Manager] Cannot connect to Unity Package Manager local server
Mono: successfully reloaded assembly
- Finished resetting the current domain, in  0.640 seconds
Domain Reload Profiling: 1300ms
	BeginReloadAssembly (156ms)
		ExecutionOrderSort (0ms)
		DisableScriptedObjects (5ms)
		BackupInstance (0ms)
		ReleaseScriptingObjects (0ms)
		CreateAndSetChildDomain (23ms)
	RebuildCommonClasses (35ms)
	RebuildNativeTypeToScriptingClass (11ms)
	initialDomainReloadingComplete (44ms)
	LoadAllAssembliesAndSetupDomain (414ms)
		LoadAssemblies (315ms)
		RebuildTransferFunctionScriptingTraits (0ms)
		AnalyzeDomain (189ms)
			TypeCache.Refresh (162ms)
				TypeCache.ScanAssembly (146ms)
			ScanForSourceGeneratedMonoScriptInfo (18ms)
			ResolveRequiredComponents (9ms)
	FinalizeReload (641ms)
		ReleaseScriptCaches (0ms)
		RebuildScriptCaches (0ms)
		SetupLoadedEditorAssemblies (474ms)
			LogAssemblyErrors (0ms)
			InitializePlatformSupportModulesInManaged (10ms)
			SetLoadedEditorAssemblies (4ms)
			RefreshPlugins (0ms)
			BeforeProcessingInitializeOnLoad (76ms)
			ProcessInitializeOnLoadAttributes (311ms)
			ProcessInitializeOnLoadMethodAttributes (65ms)
			AfterProcessingInitializeOnLoad (9ms)
			EditorAssembliesLoaded (0ms)
		ExecutionOrderSort2 (0ms)
		AwakeInstancesAfterBackupRestoration (12ms)
Launched and connected shader compiler UnityShaderCompiler.exe after 0.05 seconds
Refreshing native plugins compatible for Editor in 5.33 ms, found 3 plugins.
Preloading 0 native plugins for Editor in 0.00 ms.
Unloading 4927 Unused Serialized files (Serialized files now loaded: 0)
Unloading 64 unused Assets / (348.9 KB). Loaded Objects now: 5384.
Memory consumption went from 193.6 MB to 193.3 MB.
Total: 3.682700 ms (FindLiveObjects: 0.452900 ms CreateObjectMapping: 0.135100 ms MarkObjects: 2.838200 ms  DeleteObjects: 0.255100 ms)

AssetImportParameters requested are different than current active one (requested -> active):
  custom:container-demuxer-ogg: 62fdf1f143b41e24485cea50d1cbac27 -> 
  custom:video-decoder-ogg-theora: a1e56fd34408186e4bbccfd4996cb3dc -> 
  custom:framework-win-MediaFoundation: 216162199b28c13a410421893ffa2e32 -> 
  custom:container-demuxer-webm: 4f35f7cbe854078d1ac9338744f61a02 -> 
  custom:container-muxer-webm: aa71ff27fc2769a1b78a27578f13a17b -> 
  custom:video-decoder-webm-vp8: 9c59270c3fd7afecdb556c50c9e8de78 -> 
  custom:AudioImporter_EditorPlatform: d09bf68614088b80899f8185d706f6e7 -> 
  custom:video-encoder-webm-vp8: eb34c28f22e8b96e1ab97ce403110664 -> 
  custom:audio-decoder-ogg-vorbis: bf7c407c2cedff20999df2af8eb42d56 -> 
  custom:audio-encoder-webm-vorbis: bf7c407c2cedff20999df2af8eb42d56 -> 
========================================================================
Received Import Request.
  Time since last request: 26303.746535 seconds.
  path: Assets/Jun_Tools/Jun Tween Manaul.pdf
  artifactKey: Guid(6fe4ed6ba1aed43f898e77a7c955cc97) Importer(815301076,1909f56bfc062723c751e8b465ee728b)
Start importing Assets/Jun_Tools/Jun Tween Manaul.pdf using Guid(6fe4ed6ba1aed43f898e77a7c955cc97) Importer(815301076,1909f56bfc062723c751e8b465ee728b)  -> (artifact id: 'ca4f415d4c7682ca316c6b4d863b0670') in 0.019995 seconds
Number of updated asset objects reloaded before import = 0
Number of asset objects unloaded after import = 1
========================================================================
Received Import Request.
  Time since last request: 0.000034 seconds.
  path: Assets/Jun_Tools/ReadMe.pdf
  artifactKey: Guid(d67ab67538504469d877344a2b485436) Importer(815301076,1909f56bfc062723c751e8b465ee728b)
Start importing Assets/Jun_Tools/ReadMe.pdf using Guid(d67ab67538504469d877344a2b485436) Importer(815301076,1909f56bfc062723c751e8b465ee728b)  -> (artifact id: 'a0d0d384a607c89fc02010dc62d77328') in 0.001234 seconds
Number of updated asset objects reloaded before import = 0
Number of asset objects unloaded after import = 1
========================================================================
Received Import Request.
  Time since last request: 2.699385 seconds.
  path: Assets/Jun_Tools/Jun_TweenTools/Example
  artifactKey: Guid(d8b89db405c3a4f839d70686da23c078) Importer(815301076,1909f56bfc062723c751e8b465ee728b)
Start importing Assets/Jun_Tools/Jun_TweenTools/Example using Guid(d8b89db405c3a4f839d70686da23c078) Importer(815301076,1909f56bfc062723c751e8b465ee728b)  -> (artifact id: 'bda32541444f5810fac62305674222af') in 0.000591 seconds
Number of updated asset objects reloaded before import = 0
Number of asset objects unloaded after import = 0
========================================================================
Received Import Request.
  Time since last request: 0.359558 seconds.
  path: Assets/Jun_Tools/Jun_TweenTools/Resources
  artifactKey: Guid(3f48b02d5d203492eafe647f3413e72d) Importer(815301076,1909f56bfc062723c751e8b465ee728b)
Start importing Assets/Jun_Tools/Jun_TweenTools/Resources using Guid(3f48b02d5d203492eafe647f3413e72d) Importer(815301076,1909f56bfc062723c751e8b465ee728b)  -> (artifact id: '6d68bb62be95e50aaff3dc2cc5d5c565') in 0.000605 seconds
Number of updated asset objects reloaded before import = 0
Number of asset objects unloaded after import = 0
========================================================================
Received Import Request.
  Time since last request: 0.407037 seconds.
  path: Assets/Jun_Tools/Jun_TweenTools/Scripts
  artifactKey: Guid(709458bf7ce0a4c75a9b48bfb1d48dd4) Importer(815301076,1909f56bfc062723c751e8b465ee728b)
Start importing Assets/Jun_Tools/Jun_TweenTools/Scripts using Guid(709458bf7ce0a4c75a9b48bfb1d48dd4) Importer(815301076,1909f56bfc062723c751e8b465ee728b)  -> (artifact id: '1aeb11102da8ea0acc2d1e6125c5aa1b') in 0.000566 seconds
Number of updated asset objects reloaded before import = 0
Number of asset objects unloaded after import = 0
========================================================================
Received Import Request.
  Time since last request: 0.463288 seconds.
  path: Assets/Jun_Tools/Jun_TweenTools/Textures
  artifactKey: Guid(a8639113ae99f4fda938b4295962aab3) Importer(815301076,1909f56bfc062723c751e8b465ee728b)
Start importing Assets/Jun_Tools/Jun_TweenTools/Textures using Guid(a8639113ae99f4fda938b4295962aab3) Importer(815301076,1909f56bfc062723c751e8b465ee728b)  -> (artifact id: '91cb3f5aab1c5681f6d683ad0ce3d27e') in 0.000560 seconds
Number of updated asset objects reloaded before import = 0
Number of asset objects unloaded after import = 0
========================================================================
Received Prepare
Refreshing native plugins compatible for Editor in 15.73 ms, found 3 plugins.
Preloading 0 native plugins for Editor in 0.00 ms.
Unloading 2 Unused Serialized files (Serialized files now loaded: 0)
Unloading 10 unused Assets / (300.4 KB). Loaded Objects now: 5377.
Memory consumption went from 93.7 MB to 93.4 MB.
Total: 5.968800 ms (FindLiveObjects: 0.686500 ms CreateObjectMapping: 0.490000 ms MarkObjects: 4.619100 ms  DeleteObjects: 0.171500 ms)

Prepare: number of updated asset objects reloaded= 0
AssetImportParameters requested are different than current active one (requested -> active):
  custom:container-demuxer-ogg: 62fdf1f143b41e24485cea50d1cbac27 -> 
  custom:video-decoder-ogg-theora: a1e56fd34408186e4bbccfd4996cb3dc -> 
  custom:framework-win-MediaFoundation: 216162199b28c13a410421893ffa2e32 -> 
  custom:CustomObjectIndexerAttribute: a3ef5dd2817f97addfee359851a9dba5 -> 
  custom:container-demuxer-webm: 4f35f7cbe854078d1ac9338744f61a02 -> 
  custom:container-muxer-webm: aa71ff27fc2769a1b78a27578f13a17b -> 
  custom:video-decoder-webm-vp8: 9c59270c3fd7afecdb556c50c9e8de78 -> 
  custom:SearchIndexIgnoredProperties: e643bd26f0fe6173181afceb89e7c659 -> 
  custom:AudioImporter_EditorPlatform: d09bf68614088b80899f8185d706f6e7 -> 
  custom:video-encoder-webm-vp8: eb34c28f22e8b96e1ab97ce403110664 -> 
  custom:audio-decoder-ogg-vorbis: bf7c407c2cedff20999df2af8eb42d56 -> 
  custom:audio-encoder-webm-vorbis: bf7c407c2cedff20999df2af8eb42d56 -> 
========================================================================
Received Prepare
Begin MonoManager ReloadAssembly
- Loaded All Assemblies, in  0.499 seconds
Refreshing native plugins compatible for Editor in 4.16 ms, found 3 plugins.
Native extension for WindowsStandalone target not found
[Package Manager] Server::EnsureServerProcessIsRunning -- launch failed, reason: Unity was launched with the -noUpm command-line argument
[Package Manager] UpmClient::Send -- Unable to send message (not connected to UPM process).
[Package Manager] Cannot connect to Unity Package Manager local server
Mono: successfully reloaded assembly
- Finished resetting the current domain, in  1.182 seconds
Domain Reload Profiling: 1677ms
	BeginReloadAssembly (159ms)
		ExecutionOrderSort (0ms)
		DisableScriptedObjects (5ms)
		BackupInstance (0ms)
		ReleaseScriptingObjects (0ms)
		CreateAndSetChildDomain (34ms)
	RebuildCommonClasses (39ms)
	RebuildNativeTypeToScriptingClass (12ms)
	initialDomainReloadingComplete (31ms)
	LoadAllAssembliesAndSetupDomain (253ms)
		LoadAssemblies (300ms)
		RebuildTransferFunctionScriptingTraits (0ms)
		AnalyzeDomain (43ms)
			TypeCache.Refresh (8ms)
				TypeCache.ScanAssembly (0ms)
			ScanForSourceGeneratedMonoScriptInfo (21ms)
			ResolveRequiredComponents (13ms)
	FinalizeReload (1183ms)
		ReleaseScriptCaches (0ms)
		RebuildScriptCaches (0ms)
		SetupLoadedEditorAssemblies (403ms)
			LogAssemblyErrors (0ms)
			InitializePlatformSupportModulesInManaged (6ms)
			SetLoadedEditorAssemblies (2ms)
			RefreshPlugins (0ms)
			BeforeProcessingInitializeOnLoad (69ms)
			ProcessInitializeOnLoadAttributes (254ms)
			ProcessInitializeOnLoadMethodAttributes (64ms)
			AfterProcessingInitializeOnLoad (8ms)
			EditorAssembliesLoaded (0ms)
		ExecutionOrderSort2 (0ms)
		AwakeInstancesAfterBackupRestoration (22ms)
Refreshing native plugins compatible for Editor in 4.86 ms, found 3 plugins.
Preloading 0 native plugins for Editor in 0.00 ms.
Unloading 4763 Unused Serialized files (Serialized files now loaded: 0)
Unloading 39 unused Assets / (318.2 KB). Loaded Objects now: 5381.
Memory consumption went from 167.3 MB to 167.0 MB.
Total: 4.233600 ms (FindLiveObjects: 0.443500 ms CreateObjectMapping: 0.126900 ms MarkObjects: 3.526200 ms  DeleteObjects: 0.135400 ms)

Prepare: number of updated asset objects reloaded= 0
AssetImportParameters requested are different than current active one (requested -> active):
  custom:container-demuxer-ogg: 62fdf1f143b41e24485cea50d1cbac27 -> 
  custom:video-decoder-ogg-theora: a1e56fd34408186e4bbccfd4996cb3dc -> 
  custom:framework-win-MediaFoundation: 216162199b28c13a410421893ffa2e32 -> 
  custom:CustomObjectIndexerAttribute: a3ef5dd2817f97addfee359851a9dba5 -> 
  custom:container-demuxer-webm: 4f35f7cbe854078d1ac9338744f61a02 -> 
  custom:container-muxer-webm: aa71ff27fc2769a1b78a27578f13a17b -> 
  custom:video-decoder-webm-vp8: 9c59270c3fd7afecdb556c50c9e8de78 -> 
  custom:SearchIndexIgnoredProperties: e643bd26f0fe6173181afceb89e7c659 -> 
  custom:AudioImporter_EditorPlatform: d09bf68614088b80899f8185d706f6e7 -> 
  custom:video-encoder-webm-vp8: eb34c28f22e8b96e1ab97ce403110664 -> 
  custom:audio-decoder-ogg-vorbis: bf7c407c2cedff20999df2af8eb42d56 -> 
  custom:audio-encoder-webm-vorbis: bf7c407c2cedff20999df2af8eb42d56 -> 
========================================================================
Received Import Request.
  Time since last request: 736.772962 seconds.
  path: Assets/01_Scenes
  artifactKey: Guid(95343c908c43bba4f98732fefe885681) Importer(815301076,1909f56bfc062723c751e8b465ee728b)
Start importing Assets/01_Scenes using Guid(95343c908c43bba4f98732fefe885681) Importer(815301076,1909f56bfc062723c751e8b465ee728b)  -> (artifact id: '2ade75c3b8c90a327b65aca26276d660') in 0.010851 seconds
Number of updated asset objects reloaded before import = 4
Number of asset objects unloaded after import = 0
========================================================================
Received Import Request.
  Time since last request: 3.403355 seconds.
  path: Assets/01_Scenes/InvenScene.unity
  artifactKey: Guid(81f9aa27097e8844a870098c13a2b5a4) Importer(815301076,1909f56bfc062723c751e8b465ee728b)
Start importing Assets/01_Scenes/InvenScene.unity using Guid(81f9aa27097e8844a870098c13a2b5a4) Importer(815301076,1909f56bfc062723c751e8b465ee728b)  -> (artifact id: 'da511a8445be33700b7c51db4415b8ca') in 0.000674 seconds
Number of updated asset objects reloaded before import = 0
Number of asset objects unloaded after import = 0
========================================================================
Received Import Request.
  Time since last request: 0.487722 seconds.
  path: Assets/01_Scenes/SampleScene.unity
  artifactKey: Guid(5eca345e1b2fa274bb3ce1a79fc31605) Importer(815301076,1909f56bfc062723c751e8b465ee728b)
Start importing Assets/01_Scenes/SampleScene.unity using Guid(5eca345e1b2fa274bb3ce1a79fc31605) Importer(815301076,1909f56bfc062723c751e8b465ee728b)  -> (artifact id: '66ec22429e7b58688ab04feee0d725d0') in 0.000840 seconds
Number of updated asset objects reloaded before import = 0
Number of asset objects unloaded after import = 0
========================================================================
Received Import Request.
  Time since last request: 19.557088 seconds.
  path: Assets/04_Prefabs
  artifactKey: Guid(2d7a36cbfde849e49b3b09bacc7b9cbd) Importer(815301076,1909f56bfc062723c751e8b465ee728b)
Start importing Assets/04_Prefabs using Guid(2d7a36cbfde849e49b3b09bacc7b9cbd) Importer(815301076,1909f56bfc062723c751e8b465ee728b)  -> (artifact id: '4019edad8821d2ae8d77947de782de50') in 0.000760 seconds
Number of updated asset objects reloaded before import = 0
Number of asset objects unloaded after import = 0
========================================================================
Received Import Request.
  Time since last request: 0.421893 seconds.
  path: Assets/02_Scripts
  artifactKey: Guid(e2020510bfc4d1f47b970af222eaa4db) Importer(815301076,1909f56bfc062723c751e8b465ee728b)
Start importing Assets/02_Scripts using Guid(e2020510bfc4d1f47b970af222eaa4db) Importer(815301076,1909f56bfc062723c751e8b465ee728b)  -> (artifact id: 'bf1df1a013d9f6aea09a069ef8cc6ed9') in 0.000609 seconds
Number of updated asset objects reloaded before import = 0
Number of asset objects unloaded after import = 0
========================================================================
Received Import Request.
  Time since last request: 0.800461 seconds.
  path: Assets/03_Textures
  artifactKey: Guid(9ce46a2d331d23047a5c8c4f44cc0a7d) Importer(815301076,1909f56bfc062723c751e8b465ee728b)
Start importing Assets/03_Textures using Guid(9ce46a2d331d23047a5c8c4f44cc0a7d) Importer(815301076,1909f56bfc062723c751e8b465ee728b)  -> (artifact id: 'bfc9de76245782512f438ef3aa79b686') in 0.000614 seconds
Number of updated asset objects reloaded before import = 0
Number of asset objects unloaded after import = 0
========================================================================
Received Import Request.
  Time since last request: 1.230902 seconds.
  path: Assets/01_Scenes/scenceghonog.unity
  artifactKey: Guid(1939c32698546c54783a7947fb99b01b) Importer(815301076,1909f56bfc062723c751e8b465ee728b)
Start importing Assets/01_Scenes/scenceghonog.unity using Guid(1939c32698546c54783a7947fb99b01b) Importer(815301076,1909f56bfc062723c751e8b465ee728b)  -> (artifact id: 'bf00dfd52ffac3d6384f4bd7bc8f56c0') in 0.000667 seconds
Number of updated asset objects reloaded before import = 0
Number of asset objects unloaded after import = 0
========================================================================
Received Import Request.
  Time since last request: 3.407808 seconds.
  path: Assets/06_Animasion
  artifactKey: Guid(6a822fffc91d9db4688cbf579ae8fcdd) Importer(815301076,1909f56bfc062723c751e8b465ee728b)
Start importing Assets/06_Animasion using Guid(6a822fffc91d9db4688cbf579ae8fcdd) Importer(815301076,1909f56bfc062723c751e8b465ee728b)  -> (artifact id: '0fb01a415e63a8293c53f2e41ca36f4e') in 0.000692 seconds
Number of updated asset objects reloaded before import = 0
Number of asset objects unloaded after import = 0
========================================================================
Received Import Request.
  Time since last request: 29.712607 seconds.
  path: Assets/01_Scenes/SampleScene
  artifactKey: Guid(3b6c7fed5f8d47541a9924f2840eeb69) Importer(815301076,1909f56bfc062723c751e8b465ee728b)
Start importing Assets/01_Scenes/SampleScene using Guid(3b6c7fed5f8d47541a9924f2840eeb69) Importer(815301076,1909f56bfc062723c751e8b465ee728b)  -> (artifact id: '3b92b9acf7688550fe308526fa8b6e73') in 0.000676 seconds
Number of updated asset objects reloaded before import = 0
Number of asset objects unloaded after import = 0
========================================================================
Received Import Request.
  Time since last request: 0.639489 seconds.
  path: Assets/01_Scenes/Park
  artifactKey: Guid(0eb477628dce4d94587198a73331c457) Importer(815301076,1909f56bfc062723c751e8b465ee728b)
Start importing Assets/01_Scenes/Park using Guid(0eb477628dce4d94587198a73331c457) Importer(815301076,1909f56bfc062723c751e8b465ee728b)  -> (artifact id: '80b1f7b5660420a8feaf72b6e0e96640') in 0.000664 seconds
Number of updated asset objects reloaded before import = 0
Number of asset objects unloaded after import = 0
========================================================================
Received Import Request.
  Time since last request: 4.056096 seconds.
  path: Assets/01_Scenes/Lee
  artifactKey: Guid(8dad0fe2411ece449aed7f2da9d6f88d) Importer(815301076,1909f56bfc062723c751e8b465ee728b)
Start importing Assets/01_Scenes/Lee using Guid(8dad0fe2411ece449aed7f2da9d6f88d) Importer(815301076,1909f56bfc062723c751e8b465ee728b)  -> (artifact id: 'c7f2b992fad5fdb3d50daaf2083ed160') in 0.000643 seconds
Number of updated asset objects reloaded before import = 0
Number of asset objects unloaded after import = 0
========================================================================
Received Import Request.
  Time since last request: 1.296325 seconds.
  path: Assets/ch.prefab
  artifactKey: Guid(13b159f87ae9ee54690ebc15db016fef) Importer(815301076,1909f56bfc062723c751e8b465ee728b)
Start importing Assets/ch.prefab using Guid(13b159f87ae9ee54690ebc15db016fef) Importer(815301076,1909f56bfc062723c751e8b465ee728b)  -> (artifact id: '97de4903f67e2653dd39654ca0d0ad7f') in 0.029192 seconds
Number of updated asset objects reloaded before import = 0
Number of asset objects unloaded after import = 421
========================================================================
Received Import Request.
  Time since last request: 5.617711 seconds.
  path: Assets/VRM
  artifactKey: Guid(c75ea86d1eacb0b4e90d0aa5ad2b263c) Importer(815301076,1909f56bfc062723c751e8b465ee728b)
Start importing Assets/VRM using Guid(c75ea86d1eacb0b4e90d0aa5ad2b263c) Importer(815301076,1909f56bfc062723c751e8b465ee728b)  -> (artifact id: '110e5e21da1ab68d618142bc03721438') in 0.000713 seconds
Number of updated asset objects reloaded before import = 0
Number of asset objects unloaded after import = 0
========================================================================
Received Import Request.
  Time since last request: 9.686089 seconds.
  path: Assets/04_Prefabs/Hongjo
  artifactKey: Guid(b3d7c5902b760ca4a857905a2aa78d27) Importer(815301076,1909f56bfc062723c751e8b465ee728b)
Start importing Assets/04_Prefabs/Hongjo using Guid(b3d7c5902b760ca4a857905a2aa78d27) Importer(815301076,1909f56bfc062723c751e8b465ee728b)  -> (artifact id: '5fb8045282ad9e33bf16c57d0b68fd45') in 0.000647 seconds
Number of updated asset objects reloaded before import = 0
Number of asset objects unloaded after import = 0
========================================================================
Received Import Request.
  Time since last request: 1.365397 seconds.
  path: Assets/04_Prefabs/Hongjo/ImageList.prefab
  artifactKey: Guid(90dc7057553b6d041964d8757999f747) Importer(815301076,1909f56bfc062723c751e8b465ee728b)
Start importing Assets/04_Prefabs/Hongjo/ImageList.prefab using Guid(90dc7057553b6d041964d8757999f747) Importer(815301076,1909f56bfc062723c751e8b465ee728b)  -> (artifact id: '216ba8d0ff3aac5366d927785782202f') in 0.004598 seconds
Number of updated asset objects reloaded before import = 0
Number of asset objects unloaded after import = 12
========================================================================
Received Import Request.
  Time since last request: 1.222531 seconds.
  path: Assets/04_Prefabs/Boss1
  artifactKey: Guid(e88cf066057edc149a42b3fa3a037182) Importer(815301076,1909f56bfc062723c751e8b465ee728b)
Start importing Assets/04_Prefabs/Boss1 using Guid(e88cf066057edc149a42b3fa3a037182) Importer(815301076,1909f56bfc062723c751e8b465ee728b)  -> (artifact id: 'a2cb3c1cf80d875a1fee811f541e464f') in 0.000611 seconds
Number of updated asset objects reloaded before import = 0
Number of asset objects unloaded after import = 0
========================================================================
Received Import Request.
  Time since last request: 0.840520 seconds.
  path: Assets/04_Prefabs/Boss1/Nem1.prefab
  artifactKey: Guid(4d9661ddd48cc9f4cb8c108ff366d2f7) Importer(815301076,1909f56bfc062723c751e8b465ee728b)
Start importing Assets/04_Prefabs/Boss1/Nem1.prefab using Guid(4d9661ddd48cc9f4cb8c108ff366d2f7) Importer(815301076,1909f56bfc062723c751e8b465ee728b)  -> (artifact id: '6a5abff028b552e5dce6f391aea9dcda') in 0.256508 seconds
Number of updated asset objects reloaded before import = 0
Number of asset objects unloaded after import = 31
========================================================================
Received Import Request.
  Time since last request: 0.213193 seconds.
  path: Assets/04_Prefabs/Boss1/SafeBall.prefab
  artifactKey: Guid(c6ae93e1389560948b5f8c08dd178eb9) Importer(815301076,1909f56bfc062723c751e8b465ee728b)
Start importing Assets/04_Prefabs/Boss1/SafeBall.prefab using Guid(c6ae93e1389560948b5f8c08dd178eb9) Importer(815301076,1909f56bfc062723c751e8b465ee728b)  -> (artifact id: '13ba0714a3e57a703745e6b2436bd09d') in 0.015532 seconds
Number of updated asset objects reloaded before import = 0
Number of asset objects unloaded after import = 10
========================================================================
Received Import Request.
  Time since last request: 0.453489 seconds.
  path: Assets/04_Prefabs/Boss1/SaveZone.prefab
  artifactKey: Guid(8d8e2672c94c9bc4b8cf12d8d19ba308) Importer(815301076,1909f56bfc062723c751e8b465ee728b)
Start importing Assets/04_Prefabs/Boss1/SaveZone.prefab using Guid(8d8e2672c94c9bc4b8cf12d8d19ba308) Importer(815301076,1909f56bfc062723c751e8b465ee728b)  -> (artifact id: 'b853784ac9b1613ed56d547a6ded9b20') in 0.017881 seconds
Number of updated asset objects reloaded before import = 0
Number of asset objects unloaded after import = 21
========================================================================
Received Import Request.
  Time since last request: 16.171460 seconds.
  path: Assets/04_Prefabs/Park
  artifactKey: Guid(1e3d6a0f173917747a8a2ced6abb963d) Importer(815301076,1909f56bfc062723c751e8b465ee728b)
Start importing Assets/04_Prefabs/Park using Guid(1e3d6a0f173917747a8a2ced6abb963d) Importer(815301076,1909f56bfc062723c751e8b465ee728b)  -> (artifact id: '7ad15a8521cecf8842d1b132b3ac94e4') in 0.000753 seconds
Number of updated asset objects reloaded before import = 0
Number of asset objects unloaded after import = 0
========================================================================
Received Import Request.
  Time since last request: 1.970389 seconds.
  path: Assets/04_Prefabs/PlayerSkill
  artifactKey: Guid(e1e82619ad9227c4892d5c276fe108ab) Importer(815301076,1909f56bfc062723c751e8b465ee728b)
Start importing Assets/04_Prefabs/PlayerSkill using Guid(e1e82619ad9227c4892d5c276fe108ab) Importer(815301076,1909f56bfc062723c751e8b465ee728b)  -> (artifact id: 'b4720ac00afa44b8ac5fba20eb94ab25') in 0.000647 seconds
Number of updated asset objects reloaded before import = 0
Number of asset objects unloaded after import = 0
========================================================================
Received Import Request.
  Time since last request: 1.928851 seconds.
  path: Assets/04_Prefabs/Park/EnemyHP.prefab
  artifactKey: Guid(2b67bf19a57601e439b90736e51e18b7) Importer(815301076,1909f56bfc062723c751e8b465ee728b)
Start importing Assets/04_Prefabs/Park/EnemyHP.prefab using Guid(2b67bf19a57601e439b90736e51e18b7) Importer(815301076,1909f56bfc062723c751e8b465ee728b)  -> (artifact id: '40d7f8bd436515b8dbcd98898a35ab72') in 0.006837 seconds
Number of updated asset objects reloaded before import = 0
Number of asset objects unloaded after import = 6
========================================================================
Received Import Request.
  Time since last request: 0.933566 seconds.
  path: Assets/04_Prefabs/Hongjo/RewardMgr.prefab
  artifactKey: Guid(25f8e087a3395514ab5654aa40013de6) Importer(815301076,1909f56bfc062723c751e8b465ee728b)
Start importing Assets/04_Prefabs/Hongjo/RewardMgr.prefab using Guid(25f8e087a3395514ab5654aa40013de6) Importer(815301076,1909f56bfc062723c751e8b465ee728b)  -> (artifact id: 'f06d5beb52bb0c9beb81f4eb84a150e7') in 0.004590 seconds
Number of updated asset objects reloaded before import = 0
Number of asset objects unloaded after import = 17
========================================================================
Received Import Request.
  Time since last request: 14.381875 seconds.
  path: Assets/01_Scenes/Lee/Home.unity
  artifactKey: Guid(f70bc9dd21bb5364fbb49964f17f8f4e) Importer(815301076,1909f56bfc062723c751e8b465ee728b)
Start importing Assets/01_Scenes/Lee/Home.unity using Guid(f70bc9dd21bb5364fbb49964f17f8f4e) Importer(815301076,1909f56bfc062723c751e8b465ee728b)  -> (artifact id: '147e8d378b5f2a270e2313b34585e999') in 0.000662 seconds
Number of updated asset objects reloaded before import = 0
Number of asset objects unloaded after import = 0
========================================================================
Received Import Request.
  Time since last request: 0.462888 seconds.
  path: Assets/01_Scenes/Lee/Lobby.unity
  artifactKey: Guid(91abc19d226a04fb78569feefeaf4fcb) Importer(815301076,1909f56bfc062723c751e8b465ee728b)
Start importing Assets/01_Scenes/Lee/Lobby.unity using Guid(91abc19d226a04fb78569feefeaf4fcb) Importer(815301076,1909f56bfc062723c751e8b465ee728b)  -> (artifact id: '9ec72635a9394f00e19bfd2abace5f48') in 0.000666 seconds
Number of updated asset objects reloaded before import = 0
Number of asset objects unloaded after import = 0
========================================================================
Received Import Request.
  Time since last request: 18.576201 seconds.
  path: Assets/TutorialInfo
  artifactKey: Guid(ba062aa6c92b140379dbc06b43dd3b9b) Importer(815301076,1909f56bfc062723c751e8b465ee728b)
Start importing Assets/TutorialInfo using Guid(ba062aa6c92b140379dbc06b43dd3b9b) Importer(815301076,1909f56bfc062723c751e8b465ee728b)  -> (artifact id: '87cdd8eefe9ebe14c8a8ffb28412325b') in 0.000689 seconds
Number of updated asset objects reloaded before import = 0
Number of asset objects unloaded after import = 0
========================================================================
Received Import Request.
  Time since last request: 19.431363 seconds.
  path: Assets/TextMesh Pro
  artifactKey: Guid(f54d1bd14bd3ca042bd867b519fee8cc) Importer(815301076,1909f56bfc062723c751e8b465ee728b)
Start importing Assets/TextMesh Pro using Guid(f54d1bd14bd3ca042bd867b519fee8cc) Importer(815301076,1909f56bfc062723c751e8b465ee728b)  -> (artifact id: '539788fea73926d38e17274c55d5d4cc') in 0.000576 seconds
Number of updated asset objects reloaded before import = 0
Number of asset objects unloaded after import = 0
========================================================================
Received Import Request.
  Time since last request: 0.520070 seconds.
  path: Assets/Shader
  artifactKey: Guid(2b7cbacaed5ec144c88611c05fc98d0e) Importer(815301076,1909f56bfc062723c751e8b465ee728b)
Start importing Assets/Shader using Guid(2b7cbacaed5ec144c88611c05fc98d0e) Importer(815301076,1909f56bfc062723c751e8b465ee728b)  -> (artifact id: '9aea1223c01da6928be6087f3a55fa4f') in 0.000618 seconds
Number of updated asset objects reloaded before import = 0
Number of asset objects unloaded after import = 0
========================================================================
Received Import Request.
  Time since last request: 0.767465 seconds.
  path: Assets/Settings
  artifactKey: Guid(709f11a7f3c4041caa4ef136ea32d874) Importer(815301076,1909f56bfc062723c751e8b465ee728b)
Start importing Assets/Settings using Guid(709f11a7f3c4041caa4ef136ea32d874) Importer(815301076,1909f56bfc062723c751e8b465ee728b)  -> (artifact id: '1590fa22b40341c212b8176897fa41ce') in 0.000642 seconds
Number of updated asset objects reloaded before import = 0
Number of asset objects unloaded after import = 0
========================================================================
Received Import Request.
  Time since last request: 0.488498 seconds.
  path: Assets/Photon
  artifactKey: Guid(98951132346795f438babe7a3183da43) Importer(815301076,1909f56bfc062723c751e8b465ee728b)
Start importing Assets/Photon using Guid(98951132346795f438babe7a3183da43) Importer(815301076,1909f56bfc062723c751e8b465ee728b)  -> (artifact id: '40a2cd189a278e592eecc1e6fcf1ba06') in 0.000617 seconds
Number of updated asset objects reloaded before import = 0
Number of asset objects unloaded after import = 0
========================================================================
Received Import Request.
  Time since last request: 0.631656 seconds.
  path: Assets/Material
  artifactKey: Guid(5e4775add126a7a4ba956984f44552c8) Importer(815301076,1909f56bfc062723c751e8b465ee728b)
Start importing Assets/Material using Guid(5e4775add126a7a4ba956984f44552c8) Importer(815301076,1909f56bfc062723c751e8b465ee728b)  -> (artifact id: 'bf0a163ff3e5a25528c0639d5ebbf1a9') in 0.000593 seconds
Number of updated asset objects reloaded before import = 0
Number of asset objects unloaded after import = 0
========================================================================
Received Import Request.
  Time since last request: 6.111278 seconds.
  path: Assets/Jun_Tools
  artifactKey: Guid(a960162e9ad088746b5f4a528516b38b) Importer(815301076,1909f56bfc062723c751e8b465ee728b)
Start importing Assets/Jun_Tools using Guid(a960162e9ad088746b5f4a528516b38b) Importer(815301076,1909f56bfc062723c751e8b465ee728b)  -> (artifact id: '0fe070d577f96629fb9a0505a123ab19') in 0.000570 seconds
Number of updated asset objects reloaded before import = 0
Number of asset objects unloaded after import = 0
========================================================================
Received Import Request.
  Time since last request: 2.104049 seconds.
  path: Assets/Json
  artifactKey: Guid(e44a23bd3ab507d46837b29a7da3db14) Importer(815301076,1909f56bfc062723c751e8b465ee728b)
Start importing Assets/Json using Guid(e44a23bd3ab507d46837b29a7da3db14) Importer(815301076,1909f56bfc062723c751e8b465ee728b)  -> (artifact id: '18e54dae5612b2adaab9124d098fbc23') in 0.000668 seconds
Number of updated asset objects reloaded before import = 0
Number of asset objects unloaded after import = 0
========================================================================
Received Import Request.
  Time since last request: 0.517794 seconds.
  path: Assets/08_Json
  artifactKey: Guid(b8fe0d1841b8e914f8bc11409045ed3c) Importer(815301076,1909f56bfc062723c751e8b465ee728b)
Start importing Assets/08_Json using Guid(b8fe0d1841b8e914f8bc11409045ed3c) Importer(815301076,1909f56bfc062723c751e8b465ee728b)  -> (artifact id: '1f43298d7081a3636241a13213101882') in 0.000643 seconds
Number of updated asset objects reloaded before import = 0
Number of asset objects unloaded after import = 0
========================================================================
Received Import Request.
  Time since last request: 2.455850 seconds.
  path: Assets/07_Animator
  artifactKey: Guid(feaf6e6604d077e44bd851336a3a8750) Importer(815301076,1909f56bfc062723c751e8b465ee728b)
Start importing Assets/07_Animator using Guid(feaf6e6604d077e44bd851336a3a8750) Importer(815301076,1909f56bfc062723c751e8b465ee728b)  -> (artifact id: 'bc1ae40c0ea6b6c9578e2f20a1e0b059') in 0.000617 seconds
Number of updated asset objects reloaded before import = 0
Number of asset objects unloaded after import = 0
========================================================================
Received Import Request.
  Time since last request: 1.103166 seconds.
  path: Assets/06_Json
  artifactKey: Guid(bae0c6126fadc654a88b741ea007b149) Importer(815301076,1909f56bfc062723c751e8b465ee728b)
Start importing Assets/06_Json using Guid(bae0c6126fadc654a88b741ea007b149) Importer(815301076,1909f56bfc062723c751e8b465ee728b)  -> (artifact id: '09dcd6f41e817c52ba2c3cbd5de79b85') in 0.000705 seconds
Number of updated asset objects reloaded before import = 0
Number of asset objects unloaded after import = 0
========================================================================
Received Import Request.
  Time since last request: 9.523298 seconds.
  path: Assets/06_Animasion/05_Sounds
  artifactKey: Guid(f698ca8d6850f12449d7dbd3eade191e) Importer(815301076,1909f56bfc062723c751e8b465ee728b)
Start importing Assets/06_Animasion/05_Sounds using Guid(f698ca8d6850f12449d7dbd3eade191e) Importer(815301076,1909f56bfc062723c751e8b465ee728b)  -> (artifact id: 'd2243ef9bf7148935dcd836026eba435') in 0.000624 seconds
Number of updated asset objects reloaded before import = 0
Number of asset objects unloaded after import = 0
========================================================================
Received Import Request.
  Time since last request: 28.124509 seconds.
  path: Assets/Jun_Tools/Jun_TweenTools
  artifactKey: Guid(e2715b1ad96bc4ec2a32d3681f82ec52) Importer(815301076,1909f56bfc062723c751e8b465ee728b)
Start importing Assets/Jun_Tools/Jun_TweenTools using Guid(e2715b1ad96bc4ec2a32d3681f82ec52) Importer(815301076,1909f56bfc062723c751e8b465ee728b)  -> (artifact id: 'c60472c2580de37247ece692406c2c5e') in 0.000625 seconds
Number of updated asset objects reloaded before import = 0
Number of asset objects unloaded after import = 0
========================================================================
Received Import Request.
  Time since last request: 7.183807 seconds.
  path: Assets/03_Textures/Materials
  artifactKey: Guid(f33e1e11890662e478a8686262700cac) Importer(815301076,1909f56bfc062723c751e8b465ee728b)
Start importing Assets/03_Textures/Materials using Guid(f33e1e11890662e478a8686262700cac) Importer(815301076,1909f56bfc062723c751e8b465ee728b)  -> (artifact id: '0f22613fc6ada90db23ecb0d00885117') in 0.000685 seconds
Number of updated asset objects reloaded before import = 0
Number of asset objects unloaded after import = 0
========================================================================
Received Import Request.
  Time since last request: 3.480225 seconds.
  path: Assets/03_Textures/Materials/Park
  artifactKey: Guid(bea8625c8543fa54f9f1872bb7cdb561) Importer(815301076,1909f56bfc062723c751e8b465ee728b)
Start importing Assets/03_Textures/Materials/Park using Guid(bea8625c8543fa54f9f1872bb7cdb561) Importer(815301076,1909f56bfc062723c751e8b465ee728b)  -> (artifact id: 'd6e89b5d140ad5f21bf57c4fe8b7182a') in 0.000670 seconds
Number of updated asset objects reloaded before import = 0
Number of asset objects unloaded after import = 0
========================================================================
Received Import Request.
  Time since last request: 35.231733 seconds.
  path: Assets/00_MyAssets
  artifactKey: Guid(bb47a2bc07b066b44b594760319f4696) Importer(815301076,1909f56bfc062723c751e8b465ee728b)
Start importing Assets/00_MyAssets using Guid(bb47a2bc07b066b44b594760319f4696) Importer(815301076,1909f56bfc062723c751e8b465ee728b)  -> (artifact id: '9a0a402dea9a9184b5827a7d0af5a591') in 0.000643 seconds
Number of updated asset objects reloaded before import = 0
Number of asset objects unloaded after import = 0
========================================================================
Received Import Request.
  Time since last request: 5.283645 seconds.
  path: Assets/00_MyAssets/Lee/images/images.png
  artifactKey: Guid(7e0e469e73fb3464182e9ccb1aa6eb6e) Importer(815301076,1909f56bfc062723c751e8b465ee728b)
Start importing Assets/00_MyAssets/Lee/images/images.png using Guid(7e0e469e73fb3464182e9ccb1aa6eb6e) Importer(815301076,1909f56bfc062723c751e8b465ee728b)  -> (artifact id: '55488990c75aa496b346d922ae75ba4c') in 0.035935 seconds
Number of updated asset objects reloaded before import = 0
Number of asset objects unloaded after import = 3
========================================================================
Received Import Request.
  Time since last request: 0.362032 seconds.
  path: Assets/00_MyAssets/Lee/Materials
  artifactKey: Guid(a7065e0dbbaa2964780dfa8be796400b) Importer(815301076,1909f56bfc062723c751e8b465ee728b)
Start importing Assets/00_MyAssets/Lee/Materials using Guid(a7065e0dbbaa2964780dfa8be796400b) Importer(815301076,1909f56bfc062723c751e8b465ee728b)  -> (artifact id: 'a0bfc296dec739e5d464b5b0de3233eb') in 0.000698 seconds
Number of updated asset objects reloaded before import = 0
Number of asset objects unloaded after import = 0
========================================================================
Received Import Request.
  Time since last request: 396.804735 seconds.
  path: Assets/00_MyAssets/Lee
  artifactKey: Guid(cd580fde2a5dab54d8266a9a56295ede) Importer(815301076,1909f56bfc062723c751e8b465ee728b)
Start importing Assets/00_MyAssets/Lee using Guid(cd580fde2a5dab54d8266a9a56295ede) Importer(815301076,1909f56bfc062723c751e8b465ee728b)  -> (artifact id: 'b5d17b7f7b8407042111e2d367697148') in 0.000675 seconds
Number of updated asset objects reloaded before import = 0
Number of asset objects unloaded after import = 0
